2019-06-18 11:53:59,759 ----------------------------------------------------------------------------------------------------
2019-06-18 11:53:59,759 ----------------------------------------------------------------------------------------------------
2019-06-18 11:53:59,760 Evaluation method: MICRO_F1_SCORE
2019-06-18 11:53:59,760 Evaluation method: MICRO_F1_SCORE
2019-06-18 11:54:00,224 ----------------------------------------------------------------------------------------------------
2019-06-18 11:54:00,224 ----------------------------------------------------------------------------------------------------
2019-06-18 11:54:00,891 epoch 1 - iter 0/957 - loss 1.23792231
2019-06-18 11:54:00,891 epoch 1 - iter 0/957 - loss 1.23792231
2019-06-18 11:54:09,513 epoch 1 - iter 95/957 - loss 1.41837337
2019-06-18 11:54:09,513 epoch 1 - iter 95/957 - loss 1.41837337
2019-06-18 11:54:18,138 epoch 1 - iter 190/957 - loss 1.32198124
2019-06-18 11:54:18,138 epoch 1 - iter 190/957 - loss 1.32198124
2019-06-18 11:54:26,467 epoch 1 - iter 285/957 - loss 1.29231894
2019-06-18 11:54:26,467 epoch 1 - iter 285/957 - loss 1.29231894
2019-06-18 11:54:34,852 epoch 1 - iter 380/957 - loss 1.18714452
2019-06-18 11:54:34,852 epoch 1 - iter 380/957 - loss 1.18714452
2019-06-18 11:54:43,107 epoch 1 - iter 475/957 - loss 1.12352275
2019-06-18 11:54:43,107 epoch 1 - iter 475/957 - loss 1.12352275
2019-06-18 11:54:55,235 epoch 1 - iter 570/957 - loss 1.07648377
2019-06-18 11:54:55,235 epoch 1 - iter 570/957 - loss 1.07648377
2019-06-18 11:55:03,663 epoch 1 - iter 665/957 - loss 1.03224972
2019-06-18 11:55:03,663 epoch 1 - iter 665/957 - loss 1.03224972
2019-06-18 11:55:12,052 epoch 1 - iter 760/957 - loss 0.98122532
2019-06-18 11:55:12,052 epoch 1 - iter 760/957 - loss 0.98122532
2019-06-18 11:55:20,449 epoch 1 - iter 855/957 - loss 0.93542384
2019-06-18 11:55:20,449 epoch 1 - iter 855/957 - loss 0.93542384
2019-06-18 11:55:28,902 epoch 1 - iter 950/957 - loss 0.90372879
2019-06-18 11:55:28,902 epoch 1 - iter 950/957 - loss 0.90372879
2019-06-18 11:55:29,993 ----------------------------------------------------------------------------------------------------
2019-06-18 11:55:29,993 ----------------------------------------------------------------------------------------------------
2019-06-18 11:55:29,997 EPOCH 1 done: loss 0.9011 - lr 0.1000 - bad epochs 0
2019-06-18 11:55:29,997 EPOCH 1 done: loss 0.9011 - lr 0.1000 - bad epochs 0
2019-06-18 11:55:42,384 DEV : loss 0.6077278852462769 - score 0.5355
2019-06-18 11:55:42,384 DEV : loss 0.6077278852462769 - score 0.5355
2019-06-18 11:56:16,346 TEST : loss 0.4894197881221771 - score 0.5515
2019-06-18 11:56:16,346 TEST : loss 0.4894197881221771 - score 0.5515
2019-06-18 11:56:21,666 ----------------------------------------------------------------------------------------------------
2019-06-18 11:56:21,666 ----------------------------------------------------------------------------------------------------
2019-06-18 11:56:22,408 epoch 2 - iter 0/957 - loss 0.32754743
2019-06-18 11:56:22,408 epoch 2 - iter 0/957 - loss 0.32754743
2019-06-18 11:56:33,155 epoch 2 - iter 95/957 - loss 0.57432023
2019-06-18 11:56:33,155 epoch 2 - iter 95/957 - loss 0.57432023
2019-06-18 11:56:41,677 epoch 2 - iter 190/957 - loss 0.53728373
2019-06-18 11:56:41,677 epoch 2 - iter 190/957 - loss 0.53728373
2019-06-18 11:56:50,205 epoch 2 - iter 285/957 - loss 0.52560706
2019-06-18 11:56:50,205 epoch 2 - iter 285/957 - loss 0.52560706
2019-06-18 11:56:58,724 epoch 2 - iter 380/957 - loss 0.51409206
2019-06-18 11:56:58,724 epoch 2 - iter 380/957 - loss 0.51409206
2019-06-18 11:57:08,672 epoch 2 - iter 475/957 - loss 0.50491661
2019-06-18 11:57:08,672 epoch 2 - iter 475/957 - loss 0.50491661
2019-06-18 11:57:17,026 epoch 2 - iter 570/957 - loss 0.49698572
2019-06-18 11:57:17,026 epoch 2 - iter 570/957 - loss 0.49698572
2019-06-18 11:57:25,542 epoch 2 - iter 665/957 - loss 0.48144649
2019-06-18 11:57:25,542 epoch 2 - iter 665/957 - loss 0.48144649
2019-06-18 11:57:33,934 epoch 2 - iter 760/957 - loss 0.47038711
2019-06-18 11:57:33,934 epoch 2 - iter 760/957 - loss 0.47038711
2019-06-18 11:57:43,757 epoch 2 - iter 855/957 - loss 0.46577489
2019-06-18 11:57:43,757 epoch 2 - iter 855/957 - loss 0.46577489
2019-06-18 11:57:52,180 epoch 2 - iter 950/957 - loss 0.46344135
2019-06-18 11:57:52,180 epoch 2 - iter 950/957 - loss 0.46344135
2019-06-18 11:57:53,212 ----------------------------------------------------------------------------------------------------
2019-06-18 11:57:53,212 ----------------------------------------------------------------------------------------------------
2019-06-18 11:57:53,214 EPOCH 2 done: loss 0.4636 - lr 0.1000 - bad epochs 0
2019-06-18 11:57:53,214 EPOCH 2 done: loss 0.4636 - lr 0.1000 - bad epochs 0
2019-06-18 11:58:03,742 DEV : loss 0.34632113575935364 - score 0.7234
2019-06-18 11:58:03,742 DEV : loss 0.34632113575935364 - score 0.7234
2019-06-18 11:58:38,872 TEST : loss 0.28811028599739075 - score 0.7529
2019-06-18 11:58:38,872 TEST : loss 0.28811028599739075 - score 0.7529
2019-06-18 11:58:42,768 ----------------------------------------------------------------------------------------------------
2019-06-18 11:58:42,768 ----------------------------------------------------------------------------------------------------
2019-06-18 11:58:43,518 epoch 3 - iter 0/957 - loss 0.24192229
2019-06-18 11:58:43,518 epoch 3 - iter 0/957 - loss 0.24192229
2019-06-18 11:58:52,334 epoch 3 - iter 95/957 - loss 0.38568354
2019-06-18 11:58:52,334 epoch 3 - iter 95/957 - loss 0.38568354
2019-06-18 11:59:00,999 epoch 3 - iter 190/957 - loss 0.38806699
2019-06-18 11:59:00,999 epoch 3 - iter 190/957 - loss 0.38806699
2019-06-18 11:59:11,207 epoch 3 - iter 285/957 - loss 0.37407202
2019-06-18 11:59:11,207 epoch 3 - iter 285/957 - loss 0.37407202
2019-06-18 11:59:19,704 epoch 3 - iter 380/957 - loss 0.36828205
2019-06-18 11:59:19,704 epoch 3 - iter 380/957 - loss 0.36828205
2019-06-18 11:59:28,056 epoch 3 - iter 475/957 - loss 0.37715718
2019-06-18 11:59:28,056 epoch 3 - iter 475/957 - loss 0.37715718
2019-06-18 11:59:36,619 epoch 3 - iter 570/957 - loss 0.37558708
2019-06-18 11:59:36,619 epoch 3 - iter 570/957 - loss 0.37558708
2019-06-18 11:59:44,929 epoch 3 - iter 665/957 - loss 0.36872702
2019-06-18 11:59:44,929 epoch 3 - iter 665/957 - loss 0.36872702
2019-06-18 11:59:54,929 epoch 3 - iter 760/957 - loss 0.37305631
2019-06-18 11:59:54,929 epoch 3 - iter 760/957 - loss 0.37305631
2019-06-18 12:00:03,404 epoch 3 - iter 855/957 - loss 0.37593742
2019-06-18 12:00:03,404 epoch 3 - iter 855/957 - loss 0.37593742
2019-06-18 12:00:11,891 epoch 3 - iter 950/957 - loss 0.37162692
2019-06-18 12:00:11,891 epoch 3 - iter 950/957 - loss 0.37162692
2019-06-18 12:00:12,901 ----------------------------------------------------------------------------------------------------
2019-06-18 12:00:12,901 ----------------------------------------------------------------------------------------------------
2019-06-18 12:00:12,904 EPOCH 3 done: loss 0.3732 - lr 0.1000 - bad epochs 0
2019-06-18 12:00:12,904 EPOCH 3 done: loss 0.3732 - lr 0.1000 - bad epochs 0
2019-06-18 12:00:23,430 DEV : loss 0.31010952591896057 - score 0.755
2019-06-18 12:00:23,430 DEV : loss 0.31010952591896057 - score 0.755
2019-06-18 12:00:58,928 TEST : loss 0.2697426974773407 - score 0.7606
2019-06-18 12:00:58,928 TEST : loss 0.2697426974773407 - score 0.7606
2019-06-18 12:01:02,931 ----------------------------------------------------------------------------------------------------
2019-06-18 12:01:02,931 ----------------------------------------------------------------------------------------------------
2019-06-18 12:01:03,705 epoch 4 - iter 0/957 - loss 0.36970705
2019-06-18 12:01:03,705 epoch 4 - iter 0/957 - loss 0.36970705
2019-06-18 12:01:14,347 epoch 4 - iter 95/957 - loss 0.31492039
2019-06-18 12:01:14,347 epoch 4 - iter 95/957 - loss 0.31492039
2019-06-18 12:01:22,815 epoch 4 - iter 190/957 - loss 0.32879118
2019-06-18 12:01:22,815 epoch 4 - iter 190/957 - loss 0.32879118
2019-06-18 12:01:31,320 epoch 4 - iter 285/957 - loss 0.31790590
2019-06-18 12:01:31,320 epoch 4 - iter 285/957 - loss 0.31790590
2019-06-18 12:01:39,708 epoch 4 - iter 380/957 - loss 0.31269062
2019-06-18 12:01:39,708 epoch 4 - iter 380/957 - loss 0.31269062
2019-06-18 12:01:48,149 epoch 4 - iter 475/957 - loss 0.32302427
2019-06-18 12:01:48,149 epoch 4 - iter 475/957 - loss 0.32302427
2019-06-18 12:01:58,297 epoch 4 - iter 570/957 - loss 0.32239254
2019-06-18 12:01:58,297 epoch 4 - iter 570/957 - loss 0.32239254
2019-06-18 12:02:06,699 epoch 4 - iter 665/957 - loss 0.32546337
2019-06-18 12:02:06,699 epoch 4 - iter 665/957 - loss 0.32546337
2019-06-18 12:02:15,281 epoch 4 - iter 760/957 - loss 0.32403648
2019-06-18 12:02:15,281 epoch 4 - iter 760/957 - loss 0.32403648
2019-06-18 12:02:23,743 epoch 4 - iter 855/957 - loss 0.31870465
2019-06-18 12:02:23,743 epoch 4 - iter 855/957 - loss 0.31870465
2019-06-18 12:02:33,736 epoch 4 - iter 950/957 - loss 0.32060057
2019-06-18 12:02:33,736 epoch 4 - iter 950/957 - loss 0.32060057
2019-06-18 12:02:34,784 ----------------------------------------------------------------------------------------------------
2019-06-18 12:02:34,784 ----------------------------------------------------------------------------------------------------
2019-06-18 12:02:34,786 EPOCH 4 done: loss 0.3216 - lr 0.1000 - bad epochs 0
2019-06-18 12:02:34,786 EPOCH 4 done: loss 0.3216 - lr 0.1000 - bad epochs 0
2019-06-18 12:02:45,365 DEV : loss 0.27271032333374023 - score 0.7635
2019-06-18 12:02:45,365 DEV : loss 0.27271032333374023 - score 0.7635
2019-06-18 12:03:20,269 TEST : loss 0.2216331511735916 - score 0.7805
2019-06-18 12:03:20,269 TEST : loss 0.2216331511735916 - score 0.7805
2019-06-18 12:03:24,137 ----------------------------------------------------------------------------------------------------
2019-06-18 12:03:24,137 ----------------------------------------------------------------------------------------------------
2019-06-18 12:03:24,916 epoch 5 - iter 0/957 - loss 0.29078349
2019-06-18 12:03:24,916 epoch 5 - iter 0/957 - loss 0.29078349
2019-06-18 12:03:33,934 epoch 5 - iter 95/957 - loss 0.29897636
2019-06-18 12:03:33,934 epoch 5 - iter 95/957 - loss 0.29897636
2019-06-18 12:03:42,569 epoch 5 - iter 190/957 - loss 0.29728221
2019-06-18 12:03:42,569 epoch 5 - iter 190/957 - loss 0.29728221
2019-06-18 12:03:51,081 epoch 5 - iter 285/957 - loss 0.30775217
2019-06-18 12:03:51,081 epoch 5 - iter 285/957 - loss 0.30775217
2019-06-18 12:04:01,465 epoch 5 - iter 380/957 - loss 0.31116566
2019-06-18 12:04:01,465 epoch 5 - iter 380/957 - loss 0.31116566
2019-06-18 12:04:10,107 epoch 5 - iter 475/957 - loss 0.30420246
2019-06-18 12:04:10,107 epoch 5 - iter 475/957 - loss 0.30420246
2019-06-18 12:04:18,582 epoch 5 - iter 570/957 - loss 0.30276358
2019-06-18 12:04:18,582 epoch 5 - iter 570/957 - loss 0.30276358
2019-06-18 12:04:27,021 epoch 5 - iter 665/957 - loss 0.30327883
2019-06-18 12:04:27,021 epoch 5 - iter 665/957 - loss 0.30327883
2019-06-18 12:04:35,569 epoch 5 - iter 760/957 - loss 0.30227177
2019-06-18 12:04:35,569 epoch 5 - iter 760/957 - loss 0.30227177
2019-06-18 12:04:45,713 epoch 5 - iter 855/957 - loss 0.29885371
2019-06-18 12:04:45,713 epoch 5 - iter 855/957 - loss 0.29885371
2019-06-18 12:04:54,196 epoch 5 - iter 950/957 - loss 0.29434342
2019-06-18 12:04:54,196 epoch 5 - iter 950/957 - loss 0.29434342
2019-06-18 12:04:55,253 ----------------------------------------------------------------------------------------------------
2019-06-18 12:04:55,253 ----------------------------------------------------------------------------------------------------
2019-06-18 12:04:55,260 EPOCH 5 done: loss 0.2938 - lr 0.1000 - bad epochs 0
2019-06-18 12:04:55,260 EPOCH 5 done: loss 0.2938 - lr 0.1000 - bad epochs 0
2019-06-18 12:05:05,813 DEV : loss 0.3122243285179138 - score 0.7335
2019-06-18 12:05:05,813 DEV : loss 0.3122243285179138 - score 0.7335
2019-06-18 12:05:41,181 TEST : loss 0.23501938581466675 - score 0.7641
2019-06-18 12:05:41,181 TEST : loss 0.23501938581466675 - score 0.7641
2019-06-18 12:05:41,189 ----------------------------------------------------------------------------------------------------
2019-06-18 12:05:41,189 ----------------------------------------------------------------------------------------------------
2019-06-18 12:05:41,923 epoch 6 - iter 0/957 - loss 0.18774931
2019-06-18 12:05:41,923 epoch 6 - iter 0/957 - loss 0.18774931
2019-06-18 12:05:50,841 epoch 6 - iter 95/957 - loss 0.26949156
2019-06-18 12:05:50,841 epoch 6 - iter 95/957 - loss 0.26949156
2019-06-18 12:05:59,638 epoch 6 - iter 190/957 - loss 0.28443578
2019-06-18 12:05:59,638 epoch 6 - iter 190/957 - loss 0.28443578
2019-06-18 12:06:10,126 epoch 6 - iter 285/957 - loss 0.28149178
2019-06-18 12:06:10,126 epoch 6 - iter 285/957 - loss 0.28149178
2019-06-18 12:06:18,987 epoch 6 - iter 380/957 - loss 0.27900873
2019-06-18 12:06:18,987 epoch 6 - iter 380/957 - loss 0.27900873
2019-06-18 12:06:27,587 epoch 6 - iter 475/957 - loss 0.27435131
2019-06-18 12:06:27,587 epoch 6 - iter 475/957 - loss 0.27435131
2019-06-18 12:06:36,079 epoch 6 - iter 570/957 - loss 0.27708466
2019-06-18 12:06:36,079 epoch 6 - iter 570/957 - loss 0.27708466
2019-06-18 12:06:46,219 epoch 6 - iter 665/957 - loss 0.27490981
2019-06-18 12:06:46,219 epoch 6 - iter 665/957 - loss 0.27490981
2019-06-18 12:06:54,916 epoch 6 - iter 760/957 - loss 0.27354312
2019-06-18 12:06:54,916 epoch 6 - iter 760/957 - loss 0.27354312
2019-06-18 12:07:03,445 epoch 6 - iter 855/957 - loss 0.27497866
2019-06-18 12:07:03,445 epoch 6 - iter 855/957 - loss 0.27497866
2019-06-18 12:07:11,965 epoch 6 - iter 950/957 - loss 0.27376523
2019-06-18 12:07:11,965 epoch 6 - iter 950/957 - loss 0.27376523
2019-06-18 12:07:13,031 ----------------------------------------------------------------------------------------------------
2019-06-18 12:07:13,031 ----------------------------------------------------------------------------------------------------
2019-06-18 12:07:13,034 EPOCH 6 done: loss 0.2734 - lr 0.1000 - bad epochs 1
2019-06-18 12:07:13,034 EPOCH 6 done: loss 0.2734 - lr 0.1000 - bad epochs 1
2019-06-18 12:07:23,683 DEV : loss 0.22877272963523865 - score 0.7781
2019-06-18 12:07:23,683 DEV : loss 0.22877272963523865 - score 0.7781
2019-06-18 12:07:59,179 TEST : loss 0.18618333339691162 - score 0.7934
2019-06-18 12:07:59,179 TEST : loss 0.18618333339691162 - score 0.7934
2019-06-18 12:08:03,153 ----------------------------------------------------------------------------------------------------
2019-06-18 12:08:03,153 ----------------------------------------------------------------------------------------------------
2019-06-18 12:08:03,928 epoch 7 - iter 0/957 - loss 0.36509627
2019-06-18 12:08:03,928 epoch 7 - iter 0/957 - loss 0.36509627
2019-06-18 12:08:14,822 epoch 7 - iter 95/957 - loss 0.23955933
2019-06-18 12:08:14,822 epoch 7 - iter 95/957 - loss 0.23955933
2019-06-18 12:08:23,396 epoch 7 - iter 190/957 - loss 0.23353509
2019-06-18 12:08:23,396 epoch 7 - iter 190/957 - loss 0.23353509
2019-06-18 12:08:31,929 epoch 7 - iter 285/957 - loss 0.25085863
2019-06-18 12:08:31,929 epoch 7 - iter 285/957 - loss 0.25085863
2019-06-18 12:08:40,532 epoch 7 - iter 380/957 - loss 0.26123765
2019-06-18 12:08:40,532 epoch 7 - iter 380/957 - loss 0.26123765
2019-06-18 12:08:50,639 epoch 7 - iter 475/957 - loss 0.26881490
2019-06-18 12:08:50,639 epoch 7 - iter 475/957 - loss 0.26881490
2019-06-18 12:08:59,371 epoch 7 - iter 570/957 - loss 0.26741934
2019-06-18 12:08:59,371 epoch 7 - iter 570/957 - loss 0.26741934
2019-06-18 12:09:07,846 epoch 7 - iter 665/957 - loss 0.26166136
2019-06-18 12:09:07,846 epoch 7 - iter 665/957 - loss 0.26166136
2019-06-18 12:09:16,324 epoch 7 - iter 760/957 - loss 0.26181063
2019-06-18 12:09:16,324 epoch 7 - iter 760/957 - loss 0.26181063
2019-06-18 12:09:24,711 epoch 7 - iter 855/957 - loss 0.25871845
2019-06-18 12:09:24,711 epoch 7 - iter 855/957 - loss 0.25871845
2019-06-18 12:09:34,831 epoch 7 - iter 950/957 - loss 0.25998253
2019-06-18 12:09:34,831 epoch 7 - iter 950/957 - loss 0.25998253
2019-06-18 12:09:35,868 ----------------------------------------------------------------------------------------------------
2019-06-18 12:09:35,868 ----------------------------------------------------------------------------------------------------
2019-06-18 12:09:35,870 EPOCH 7 done: loss 0.2596 - lr 0.1000 - bad epochs 0
2019-06-18 12:09:35,870 EPOCH 7 done: loss 0.2596 - lr 0.1000 - bad epochs 0
2019-06-18 12:09:46,479 DEV : loss 0.20969273149967194 - score 0.7812
2019-06-18 12:09:46,479 DEV : loss 0.20969273149967194 - score 0.7812
2019-06-18 12:10:21,635 TEST : loss 0.1783338189125061 - score 0.8053
2019-06-18 12:10:21,635 TEST : loss 0.1783338189125061 - score 0.8053
2019-06-18 12:10:25,584 ----------------------------------------------------------------------------------------------------
2019-06-18 12:10:25,584 ----------------------------------------------------------------------------------------------------
2019-06-18 12:10:26,352 epoch 8 - iter 0/957 - loss 0.15910698
2019-06-18 12:10:26,352 epoch 8 - iter 0/957 - loss 0.15910698
2019-06-18 12:10:35,715 epoch 8 - iter 95/957 - loss 0.22003823
2019-06-18 12:10:35,715 epoch 8 - iter 95/957 - loss 0.22003823
2019-06-18 12:10:44,338 epoch 8 - iter 190/957 - loss 0.23760039
2019-06-18 12:10:44,338 epoch 8 - iter 190/957 - loss 0.23760039
2019-06-18 12:10:52,672 epoch 8 - iter 285/957 - loss 0.24029097
2019-06-18 12:10:52,672 epoch 8 - iter 285/957 - loss 0.24029097
2019-06-18 12:11:03,152 epoch 8 - iter 380/957 - loss 0.25978300
2019-06-18 12:11:03,152 epoch 8 - iter 380/957 - loss 0.25978300
2019-06-18 12:11:11,665 epoch 8 - iter 475/957 - loss 0.25731884
2019-06-18 12:11:11,665 epoch 8 - iter 475/957 - loss 0.25731884
2019-06-18 12:11:20,202 epoch 8 - iter 570/957 - loss 0.25346218
2019-06-18 12:11:20,202 epoch 8 - iter 570/957 - loss 0.25346218
2019-06-18 12:11:28,643 epoch 8 - iter 665/957 - loss 0.24827979
2019-06-18 12:11:28,643 epoch 8 - iter 665/957 - loss 0.24827979
2019-06-18 12:11:38,844 epoch 8 - iter 760/957 - loss 0.24970748
2019-06-18 12:11:38,844 epoch 8 - iter 760/957 - loss 0.24970748
2019-06-18 12:11:47,361 epoch 8 - iter 855/957 - loss 0.24879474
2019-06-18 12:11:47,361 epoch 8 - iter 855/957 - loss 0.24879474
2019-06-18 12:11:55,792 epoch 8 - iter 950/957 - loss 0.25034988
2019-06-18 12:11:55,792 epoch 8 - iter 950/957 - loss 0.25034988
2019-06-18 12:11:56,853 ----------------------------------------------------------------------------------------------------
2019-06-18 12:11:56,853 ----------------------------------------------------------------------------------------------------
2019-06-18 12:11:56,855 EPOCH 8 done: loss 0.2496 - lr 0.1000 - bad epochs 0
2019-06-18 12:11:56,855 EPOCH 8 done: loss 0.2496 - lr 0.1000 - bad epochs 0
2019-06-18 12:12:07,459 DEV : loss 0.28623780608177185 - score 0.6468
2019-06-18 12:12:07,459 DEV : loss 0.28623780608177185 - score 0.6468
2019-06-18 12:12:42,985 TEST : loss 0.21311770379543304 - score 0.6992
2019-06-18 12:12:42,985 TEST : loss 0.21311770379543304 - score 0.6992
2019-06-18 12:12:42,993 ----------------------------------------------------------------------------------------------------
2019-06-18 12:12:42,993 ----------------------------------------------------------------------------------------------------
2019-06-18 12:12:43,693 epoch 9 - iter 0/957 - loss 0.04567741
2019-06-18 12:12:43,693 epoch 9 - iter 0/957 - loss 0.04567741
2019-06-18 12:12:52,281 epoch 9 - iter 95/957 - loss 0.25910080
2019-06-18 12:12:52,281 epoch 9 - iter 95/957 - loss 0.25910080
2019-06-18 12:13:02,750 epoch 9 - iter 190/957 - loss 0.25768767
2019-06-18 12:13:02,750 epoch 9 - iter 190/957 - loss 0.25768767
2019-06-18 12:13:11,261 epoch 9 - iter 285/957 - loss 0.24843626
2019-06-18 12:13:11,261 epoch 9 - iter 285/957 - loss 0.24843626
2019-06-18 12:13:19,721 epoch 9 - iter 380/957 - loss 0.25401548
2019-06-18 12:13:19,721 epoch 9 - iter 380/957 - loss 0.25401548
2019-06-18 12:13:28,119 epoch 9 - iter 475/957 - loss 0.23865949
2019-06-18 12:13:28,119 epoch 9 - iter 475/957 - loss 0.23865949
2019-06-18 12:13:36,637 epoch 9 - iter 570/957 - loss 0.24598105
2019-06-18 12:13:36,637 epoch 9 - iter 570/957 - loss 0.24598105
2019-06-18 12:13:46,822 epoch 9 - iter 665/957 - loss 0.24035845
2019-06-18 12:13:46,822 epoch 9 - iter 665/957 - loss 0.24035845
2019-06-18 12:13:55,368 epoch 9 - iter 760/957 - loss 0.23695749
2019-06-18 12:13:55,368 epoch 9 - iter 760/957 - loss 0.23695749
2019-06-18 12:14:03,826 epoch 9 - iter 855/957 - loss 0.24170886
2019-06-18 12:14:03,826 epoch 9 - iter 855/957 - loss 0.24170886
2019-06-18 12:14:12,285 epoch 9 - iter 950/957 - loss 0.23984317
2019-06-18 12:14:12,285 epoch 9 - iter 950/957 - loss 0.23984317
2019-06-18 12:14:13,346 ----------------------------------------------------------------------------------------------------
2019-06-18 12:14:13,346 ----------------------------------------------------------------------------------------------------
2019-06-18 12:14:13,351 EPOCH 9 done: loss 0.2392 - lr 0.1000 - bad epochs 1
2019-06-18 12:14:13,351 EPOCH 9 done: loss 0.2392 - lr 0.1000 - bad epochs 1
2019-06-18 12:14:25,845 DEV : loss 0.2076583355665207 - score 0.7769
2019-06-18 12:14:25,845 DEV : loss 0.2076583355665207 - score 0.7769
2019-06-18 12:14:58,723 TEST : loss 0.17334367334842682 - score 0.815
2019-06-18 12:14:58,723 TEST : loss 0.17334367334842682 - score 0.815
2019-06-18 12:14:58,731 ----------------------------------------------------------------------------------------------------
2019-06-18 12:14:58,731 ----------------------------------------------------------------------------------------------------
2019-06-18 12:14:59,445 epoch 10 - iter 0/957 - loss 0.11223809
2019-06-18 12:14:59,445 epoch 10 - iter 0/957 - loss 0.11223809
2019-06-18 12:15:09,775 epoch 10 - iter 95/957 - loss 0.21686689
2019-06-18 12:15:09,775 epoch 10 - iter 95/957 - loss 0.21686689
2019-06-18 12:15:18,161 epoch 10 - iter 190/957 - loss 0.22095699
2019-06-18 12:15:18,161 epoch 10 - iter 190/957 - loss 0.22095699
2019-06-18 12:15:26,624 epoch 10 - iter 285/957 - loss 0.22724426
2019-06-18 12:15:26,624 epoch 10 - iter 285/957 - loss 0.22724426
2019-06-18 12:15:35,072 epoch 10 - iter 380/957 - loss 0.22894955
2019-06-18 12:15:35,072 epoch 10 - iter 380/957 - loss 0.22894955
2019-06-18 12:15:43,652 epoch 10 - iter 475/957 - loss 0.22560205
2019-06-18 12:15:43,652 epoch 10 - iter 475/957 - loss 0.22560205
2019-06-18 12:15:53,531 epoch 10 - iter 570/957 - loss 0.22603968
2019-06-18 12:15:53,531 epoch 10 - iter 570/957 - loss 0.22603968
2019-06-18 12:16:02,035 epoch 10 - iter 665/957 - loss 0.22844281
2019-06-18 12:16:02,035 epoch 10 - iter 665/957 - loss 0.22844281
2019-06-18 12:16:10,599 epoch 10 - iter 760/957 - loss 0.22899484
2019-06-18 12:16:10,599 epoch 10 - iter 760/957 - loss 0.22899484
2019-06-18 12:16:19,047 epoch 10 - iter 855/957 - loss 0.22797923
2019-06-18 12:16:19,047 epoch 10 - iter 855/957 - loss 0.22797923
2019-06-18 12:16:28,954 epoch 10 - iter 950/957 - loss 0.22449482
2019-06-18 12:16:28,954 epoch 10 - iter 950/957 - loss 0.22449482
2019-06-18 12:16:29,974 ----------------------------------------------------------------------------------------------------
2019-06-18 12:16:29,974 ----------------------------------------------------------------------------------------------------
2019-06-18 12:16:29,976 EPOCH 10 done: loss 0.2244 - lr 0.1000 - bad epochs 2
2019-06-18 12:16:29,976 EPOCH 10 done: loss 0.2244 - lr 0.1000 - bad epochs 2
2019-06-18 12:16:40,377 DEV : loss 0.20115861296653748 - score 0.7947
2019-06-18 12:16:40,377 DEV : loss 0.20115861296653748 - score 0.7947
2019-06-18 12:17:15,215 TEST : loss 0.17025107145309448 - score 0.8141
2019-06-18 12:17:15,215 TEST : loss 0.17025107145309448 - score 0.8141
2019-06-18 12:17:19,138 ----------------------------------------------------------------------------------------------------
2019-06-18 12:17:19,138 ----------------------------------------------------------------------------------------------------
2019-06-18 12:17:19,908 epoch 11 - iter 0/957 - loss 0.24407919
2019-06-18 12:17:19,908 epoch 11 - iter 0/957 - loss 0.24407919
2019-06-18 12:17:28,880 epoch 11 - iter 95/957 - loss 0.23385315
2019-06-18 12:17:28,880 epoch 11 - iter 95/957 - loss 0.23385315
2019-06-18 12:17:37,420 epoch 11 - iter 190/957 - loss 0.22598060
2019-06-18 12:17:37,420 epoch 11 - iter 190/957 - loss 0.22598060
2019-06-18 12:17:45,786 epoch 11 - iter 285/957 - loss 0.22068066
2019-06-18 12:17:45,786 epoch 11 - iter 285/957 - loss 0.22068066
2019-06-18 12:17:56,017 epoch 11 - iter 380/957 - loss 0.21806344
2019-06-18 12:17:56,017 epoch 11 - iter 380/957 - loss 0.21806344
2019-06-18 12:18:04,563 epoch 11 - iter 475/957 - loss 0.21304442
2019-06-18 12:18:04,563 epoch 11 - iter 475/957 - loss 0.21304442
2019-06-18 12:18:12,751 epoch 11 - iter 570/957 - loss 0.22026154
2019-06-18 12:18:12,751 epoch 11 - iter 570/957 - loss 0.22026154
2019-06-18 12:18:21,350 epoch 11 - iter 665/957 - loss 0.21930572
2019-06-18 12:18:21,350 epoch 11 - iter 665/957 - loss 0.21930572
2019-06-18 12:18:29,824 epoch 11 - iter 760/957 - loss 0.21817678
2019-06-18 12:18:29,824 epoch 11 - iter 760/957 - loss 0.21817678
2019-06-18 12:18:39,870 epoch 11 - iter 855/957 - loss 0.21880873
2019-06-18 12:18:39,870 epoch 11 - iter 855/957 - loss 0.21880873
2019-06-18 12:18:48,176 epoch 11 - iter 950/957 - loss 0.22287756
2019-06-18 12:18:48,176 epoch 11 - iter 950/957 - loss 0.22287756
2019-06-18 12:18:49,228 ----------------------------------------------------------------------------------------------------
2019-06-18 12:18:49,228 ----------------------------------------------------------------------------------------------------
2019-06-18 12:18:49,233 EPOCH 11 done: loss 0.2224 - lr 0.1000 - bad epochs 0
2019-06-18 12:18:49,233 EPOCH 11 done: loss 0.2224 - lr 0.1000 - bad epochs 0
2019-06-18 12:18:59,606 DEV : loss 0.2023928165435791 - score 0.7863
2019-06-18 12:18:59,606 DEV : loss 0.2023928165435791 - score 0.7863
2019-06-18 12:19:34,218 TEST : loss 0.17405658960342407 - score 0.8093
2019-06-18 12:19:34,218 TEST : loss 0.17405658960342407 - score 0.8093
2019-06-18 12:19:34,226 ----------------------------------------------------------------------------------------------------
2019-06-18 12:19:34,226 ----------------------------------------------------------------------------------------------------
2019-06-18 12:19:34,926 epoch 12 - iter 0/957 - loss 0.04599671
2019-06-18 12:19:34,926 epoch 12 - iter 0/957 - loss 0.04599671
2019-06-18 12:19:43,637 epoch 12 - iter 95/957 - loss 0.23324628
2019-06-18 12:19:43,637 epoch 12 - iter 95/957 - loss 0.23324628
2019-06-18 12:19:52,090 epoch 12 - iter 190/957 - loss 0.24701823
2019-06-18 12:19:52,090 epoch 12 - iter 190/957 - loss 0.24701823
2019-06-18 12:20:02,352 epoch 12 - iter 285/957 - loss 0.23567450
2019-06-18 12:20:02,352 epoch 12 - iter 285/957 - loss 0.23567450
2019-06-18 12:20:10,807 epoch 12 - iter 380/957 - loss 0.23767401
2019-06-18 12:20:10,807 epoch 12 - iter 380/957 - loss 0.23767401
2019-06-18 12:20:19,256 epoch 12 - iter 475/957 - loss 0.23844570
2019-06-18 12:20:19,256 epoch 12 - iter 475/957 - loss 0.23844570
2019-06-18 12:20:27,588 epoch 12 - iter 570/957 - loss 0.24005517
2019-06-18 12:20:27,588 epoch 12 - iter 570/957 - loss 0.24005517
2019-06-18 12:20:35,992 epoch 12 - iter 665/957 - loss 0.23460283
2019-06-18 12:20:35,992 epoch 12 - iter 665/957 - loss 0.23460283
2019-06-18 12:20:46,085 epoch 12 - iter 760/957 - loss 0.23318781
2019-06-18 12:20:46,085 epoch 12 - iter 760/957 - loss 0.23318781
2019-06-18 12:20:54,499 epoch 12 - iter 855/957 - loss 0.22770793
2019-06-18 12:20:54,499 epoch 12 - iter 855/957 - loss 0.22770793
2019-06-18 12:21:03,061 epoch 12 - iter 950/957 - loss 0.22417364
2019-06-18 12:21:03,061 epoch 12 - iter 950/957 - loss 0.22417364
2019-06-18 12:21:04,144 ----------------------------------------------------------------------------------------------------
2019-06-18 12:21:04,144 ----------------------------------------------------------------------------------------------------
2019-06-18 12:21:04,146 EPOCH 12 done: loss 0.2236 - lr 0.1000 - bad epochs 1
2019-06-18 12:21:04,146 EPOCH 12 done: loss 0.2236 - lr 0.1000 - bad epochs 1
2019-06-18 12:21:14,616 DEV : loss 0.2006545066833496 - score 0.7799
2019-06-18 12:21:14,616 DEV : loss 0.2006545066833496 - score 0.7799
2019-06-18 12:21:49,276 TEST : loss 0.16616326570510864 - score 0.8195
2019-06-18 12:21:49,276 TEST : loss 0.16616326570510864 - score 0.8195
2019-06-18 12:21:49,285 ----------------------------------------------------------------------------------------------------
2019-06-18 12:21:49,285 ----------------------------------------------------------------------------------------------------
2019-06-18 12:21:49,962 epoch 13 - iter 0/957 - loss 0.12087831
2019-06-18 12:21:49,962 epoch 13 - iter 0/957 - loss 0.12087831
2019-06-18 12:21:58,422 epoch 13 - iter 95/957 - loss 0.24828912
2019-06-18 12:21:58,422 epoch 13 - iter 95/957 - loss 0.24828912
2019-06-18 12:22:08,727 epoch 13 - iter 190/957 - loss 0.23132917
2019-06-18 12:22:08,727 epoch 13 - iter 190/957 - loss 0.23132917
2019-06-18 12:22:17,161 epoch 13 - iter 285/957 - loss 0.22650734
2019-06-18 12:22:17,161 epoch 13 - iter 285/957 - loss 0.22650734
2019-06-18 12:22:25,747 epoch 13 - iter 380/957 - loss 0.23248616
2019-06-18 12:22:25,747 epoch 13 - iter 380/957 - loss 0.23248616
2019-06-18 12:22:34,001 epoch 13 - iter 475/957 - loss 0.22990043
2019-06-18 12:22:34,001 epoch 13 - iter 475/957 - loss 0.22990043
2019-06-18 12:22:42,322 epoch 13 - iter 570/957 - loss 0.22974115
2019-06-18 12:22:42,322 epoch 13 - iter 570/957 - loss 0.22974115
2019-06-18 12:22:52,189 epoch 13 - iter 665/957 - loss 0.22273030
2019-06-18 12:22:52,189 epoch 13 - iter 665/957 - loss 0.22273030
2019-06-18 12:23:00,514 epoch 13 - iter 760/957 - loss 0.22015308
2019-06-18 12:23:00,514 epoch 13 - iter 760/957 - loss 0.22015308
2019-06-18 12:23:08,892 epoch 13 - iter 855/957 - loss 0.21635310
2019-06-18 12:23:08,892 epoch 13 - iter 855/957 - loss 0.21635310
2019-06-18 12:23:17,217 epoch 13 - iter 950/957 - loss 0.21676345
2019-06-18 12:23:17,217 epoch 13 - iter 950/957 - loss 0.21676345
2019-06-18 12:23:18,237 ----------------------------------------------------------------------------------------------------
2019-06-18 12:23:18,237 ----------------------------------------------------------------------------------------------------
2019-06-18 12:23:18,240 EPOCH 13 done: loss 0.2170 - lr 0.1000 - bad epochs 2
2019-06-18 12:23:18,240 EPOCH 13 done: loss 0.2170 - lr 0.1000 - bad epochs 2
2019-06-18 12:23:30,521 DEV : loss 0.19257216155529022 - score 0.798
2019-06-18 12:23:30,521 DEV : loss 0.19257216155529022 - score 0.798
2019-06-18 12:24:03,546 TEST : loss 0.16117270290851593 - score 0.827
2019-06-18 12:24:03,546 TEST : loss 0.16117270290851593 - score 0.827
2019-06-18 12:24:07,471 ----------------------------------------------------------------------------------------------------
2019-06-18 12:24:07,471 ----------------------------------------------------------------------------------------------------
2019-06-18 12:24:08,241 epoch 14 - iter 0/957 - loss 0.04264215
2019-06-18 12:24:08,241 epoch 14 - iter 0/957 - loss 0.04264215
2019-06-18 12:24:19,073 epoch 14 - iter 95/957 - loss 0.19132717
2019-06-18 12:24:19,073 epoch 14 - iter 95/957 - loss 0.19132717
2019-06-18 12:24:27,493 epoch 14 - iter 190/957 - loss 0.20847360
2019-06-18 12:24:27,493 epoch 14 - iter 190/957 - loss 0.20847360
2019-06-18 12:24:35,965 epoch 14 - iter 285/957 - loss 0.20233540
2019-06-18 12:24:35,965 epoch 14 - iter 285/957 - loss 0.20233540
2019-06-18 12:24:44,305 epoch 14 - iter 380/957 - loss 0.20328606
2019-06-18 12:24:44,305 epoch 14 - iter 380/957 - loss 0.20328606
2019-06-18 12:24:52,626 epoch 14 - iter 475/957 - loss 0.21101724
2019-06-18 12:24:52,626 epoch 14 - iter 475/957 - loss 0.21101724
2019-06-18 12:25:02,834 epoch 14 - iter 570/957 - loss 0.20892767
2019-06-18 12:25:02,834 epoch 14 - iter 570/957 - loss 0.20892767
2019-06-18 12:25:11,337 epoch 14 - iter 665/957 - loss 0.20539513
2019-06-18 12:25:11,337 epoch 14 - iter 665/957 - loss 0.20539513
2019-06-18 12:25:19,664 epoch 14 - iter 760/957 - loss 0.20467734
2019-06-18 12:25:19,664 epoch 14 - iter 760/957 - loss 0.20467734
2019-06-18 12:25:28,145 epoch 14 - iter 855/957 - loss 0.20412815
2019-06-18 12:25:28,145 epoch 14 - iter 855/957 - loss 0.20412815
2019-06-18 12:25:37,987 epoch 14 - iter 950/957 - loss 0.20515877
2019-06-18 12:25:37,987 epoch 14 - iter 950/957 - loss 0.20515877
2019-06-18 12:25:39,021 ----------------------------------------------------------------------------------------------------
2019-06-18 12:25:39,021 ----------------------------------------------------------------------------------------------------
2019-06-18 12:25:39,023 EPOCH 14 done: loss 0.2057 - lr 0.1000 - bad epochs 0
2019-06-18 12:25:39,023 EPOCH 14 done: loss 0.2057 - lr 0.1000 - bad epochs 0
2019-06-18 12:25:49,654 DEV : loss 0.19884495437145233 - score 0.7804
2019-06-18 12:25:49,654 DEV : loss 0.19884495437145233 - score 0.7804
2019-06-18 12:26:24,520 TEST : loss 0.16420643031597137 - score 0.7976
2019-06-18 12:26:24,520 TEST : loss 0.16420643031597137 - score 0.7976
2019-06-18 12:26:24,528 ----------------------------------------------------------------------------------------------------
2019-06-18 12:26:24,528 ----------------------------------------------------------------------------------------------------
2019-06-18 12:26:25,250 epoch 15 - iter 0/957 - loss 0.34977734
2019-06-18 12:26:25,250 epoch 15 - iter 0/957 - loss 0.34977734
2019-06-18 12:26:34,078 epoch 15 - iter 95/957 - loss 0.18216110
2019-06-18 12:26:34,078 epoch 15 - iter 95/957 - loss 0.18216110
2019-06-18 12:26:42,616 epoch 15 - iter 190/957 - loss 0.18705307
2019-06-18 12:26:42,616 epoch 15 - iter 190/957 - loss 0.18705307
2019-06-18 12:26:51,059 epoch 15 - iter 285/957 - loss 0.20564494
2019-06-18 12:26:51,059 epoch 15 - iter 285/957 - loss 0.20564494
2019-06-18 12:27:01,073 epoch 15 - iter 380/957 - loss 0.20961663
2019-06-18 12:27:01,073 epoch 15 - iter 380/957 - loss 0.20961663
2019-06-18 12:27:09,517 epoch 15 - iter 475/957 - loss 0.21756914
2019-06-18 12:27:09,517 epoch 15 - iter 475/957 - loss 0.21756914
2019-06-18 12:27:17,903 epoch 15 - iter 570/957 - loss 0.21837259
2019-06-18 12:27:17,903 epoch 15 - iter 570/957 - loss 0.21837259
2019-06-18 12:27:26,246 epoch 15 - iter 665/957 - loss 0.21293118
2019-06-18 12:27:26,246 epoch 15 - iter 665/957 - loss 0.21293118
2019-06-18 12:27:34,723 epoch 15 - iter 760/957 - loss 0.20848650
2019-06-18 12:27:34,723 epoch 15 - iter 760/957 - loss 0.20848650
2019-06-18 12:27:44,903 epoch 15 - iter 855/957 - loss 0.20775298
2019-06-18 12:27:44,903 epoch 15 - iter 855/957 - loss 0.20775298
2019-06-18 12:27:53,484 epoch 15 - iter 950/957 - loss 0.20643796
2019-06-18 12:27:53,484 epoch 15 - iter 950/957 - loss 0.20643796
2019-06-18 12:27:54,491 ----------------------------------------------------------------------------------------------------
2019-06-18 12:27:54,491 ----------------------------------------------------------------------------------------------------
2019-06-18 12:27:54,495 EPOCH 15 done: loss 0.2057 - lr 0.1000 - bad epochs 1
2019-06-18 12:27:54,495 EPOCH 15 done: loss 0.2057 - lr 0.1000 - bad epochs 1
2019-06-18 12:28:04,907 DEV : loss 0.19154606759548187 - score 0.803
2019-06-18 12:28:04,907 DEV : loss 0.19154606759548187 - score 0.803
2019-06-18 12:28:39,797 TEST : loss 0.16485370695590973 - score 0.8338
2019-06-18 12:28:39,797 TEST : loss 0.16485370695590973 - score 0.8338
2019-06-18 12:28:43,684 ----------------------------------------------------------------------------------------------------
2019-06-18 12:28:43,684 ----------------------------------------------------------------------------------------------------
2019-06-18 12:28:44,458 epoch 16 - iter 0/957 - loss 0.13937259
2019-06-18 12:28:44,458 epoch 16 - iter 0/957 - loss 0.13937259
2019-06-18 12:28:53,465 epoch 16 - iter 95/957 - loss 0.21113863
2019-06-18 12:28:53,465 epoch 16 - iter 95/957 - loss 0.21113863
2019-06-18 12:29:02,102 epoch 16 - iter 190/957 - loss 0.20294983
2019-06-18 12:29:02,102 epoch 16 - iter 190/957 - loss 0.20294983
2019-06-18 12:29:12,442 epoch 16 - iter 285/957 - loss 0.19684015
2019-06-18 12:29:12,442 epoch 16 - iter 285/957 - loss 0.19684015
2019-06-18 12:29:20,944 epoch 16 - iter 380/957 - loss 0.19268454
2019-06-18 12:29:20,944 epoch 16 - iter 380/957 - loss 0.19268454
2019-06-18 12:29:29,280 epoch 16 - iter 475/957 - loss 0.19569165
2019-06-18 12:29:29,280 epoch 16 - iter 475/957 - loss 0.19569165
2019-06-18 12:29:37,574 epoch 16 - iter 570/957 - loss 0.20222695
2019-06-18 12:29:37,574 epoch 16 - iter 570/957 - loss 0.20222695
2019-06-18 12:29:45,794 epoch 16 - iter 665/957 - loss 0.19778276
2019-06-18 12:29:45,794 epoch 16 - iter 665/957 - loss 0.19778276
2019-06-18 12:29:55,770 epoch 16 - iter 760/957 - loss 0.19854751
2019-06-18 12:29:55,770 epoch 16 - iter 760/957 - loss 0.19854751
2019-06-18 12:30:04,133 epoch 16 - iter 855/957 - loss 0.19805616
2019-06-18 12:30:04,133 epoch 16 - iter 855/957 - loss 0.19805616
2019-06-18 12:30:12,547 epoch 16 - iter 950/957 - loss 0.19971470
2019-06-18 12:30:12,547 epoch 16 - iter 950/957 - loss 0.19971470
2019-06-18 12:30:13,586 ----------------------------------------------------------------------------------------------------
2019-06-18 12:30:13,586 ----------------------------------------------------------------------------------------------------
2019-06-18 12:30:13,588 EPOCH 16 done: loss 0.1995 - lr 0.1000 - bad epochs 0
2019-06-18 12:30:13,588 EPOCH 16 done: loss 0.1995 - lr 0.1000 - bad epochs 0
2019-06-18 12:30:24,017 DEV : loss 0.17492921650409698 - score 0.8149
2019-06-18 12:30:24,017 DEV : loss 0.17492921650409698 - score 0.8149
2019-06-18 12:30:58,439 TEST : loss 0.1496332883834839 - score 0.8367
2019-06-18 12:30:58,439 TEST : loss 0.1496332883834839 - score 0.8367
2019-06-18 12:31:02,272 ----------------------------------------------------------------------------------------------------
2019-06-18 12:31:02,272 ----------------------------------------------------------------------------------------------------
2019-06-18 12:31:03,034 epoch 17 - iter 0/957 - loss 0.10859331
2019-06-18 12:31:03,034 epoch 17 - iter 0/957 - loss 0.10859331
2019-06-18 12:31:11,742 epoch 17 - iter 95/957 - loss 0.18618447
2019-06-18 12:31:11,742 epoch 17 - iter 95/957 - loss 0.18618447
2019-06-18 12:31:21,924 epoch 17 - iter 190/957 - loss 0.19072710
2019-06-18 12:31:21,924 epoch 17 - iter 190/957 - loss 0.19072710
2019-06-18 12:31:30,408 epoch 17 - iter 285/957 - loss 0.18805899
2019-06-18 12:31:30,408 epoch 17 - iter 285/957 - loss 0.18805899
2019-06-18 12:31:38,838 epoch 17 - iter 380/957 - loss 0.19097234
2019-06-18 12:31:38,838 epoch 17 - iter 380/957 - loss 0.19097234
2019-06-18 12:31:47,389 epoch 17 - iter 475/957 - loss 0.18670846
2019-06-18 12:31:47,389 epoch 17 - iter 475/957 - loss 0.18670846
2019-06-18 12:31:55,740 epoch 17 - iter 570/957 - loss 0.19420763
2019-06-18 12:31:55,740 epoch 17 - iter 570/957 - loss 0.19420763
2019-06-18 12:32:05,621 epoch 17 - iter 665/957 - loss 0.19190551
2019-06-18 12:32:05,621 epoch 17 - iter 665/957 - loss 0.19190551
2019-06-18 12:32:13,878 epoch 17 - iter 760/957 - loss 0.19041882
2019-06-18 12:32:13,878 epoch 17 - iter 760/957 - loss 0.19041882
2019-06-18 12:32:22,245 epoch 17 - iter 855/957 - loss 0.19208407
2019-06-18 12:32:22,245 epoch 17 - iter 855/957 - loss 0.19208407
2019-06-18 12:32:30,468 epoch 17 - iter 950/957 - loss 0.19488651
2019-06-18 12:32:30,468 epoch 17 - iter 950/957 - loss 0.19488651
2019-06-18 12:32:31,515 ----------------------------------------------------------------------------------------------------
2019-06-18 12:32:31,515 ----------------------------------------------------------------------------------------------------
2019-06-18 12:32:31,523 EPOCH 17 done: loss 0.1951 - lr 0.1000 - bad epochs 0
2019-06-18 12:32:31,523 EPOCH 17 done: loss 0.1951 - lr 0.1000 - bad epochs 0
2019-06-18 12:32:43,662 DEV : loss 0.17646846175193787 - score 0.8012
2019-06-18 12:32:43,662 DEV : loss 0.17646846175193787 - score 0.8012
2019-06-18 12:33:16,525 TEST : loss 0.14694331586360931 - score 0.8338
2019-06-18 12:33:16,525 TEST : loss 0.14694331586360931 - score 0.8338
2019-06-18 12:33:16,533 ----------------------------------------------------------------------------------------------------
2019-06-18 12:33:16,533 ----------------------------------------------------------------------------------------------------
2019-06-18 12:33:17,221 epoch 18 - iter 0/957 - loss 0.54214227
2019-06-18 12:33:17,221 epoch 18 - iter 0/957 - loss 0.54214227
2019-06-18 12:33:27,561 epoch 18 - iter 95/957 - loss 0.18483329
2019-06-18 12:33:27,561 epoch 18 - iter 95/957 - loss 0.18483329
2019-06-18 12:33:36,081 epoch 18 - iter 190/957 - loss 0.18717925
2019-06-18 12:33:36,081 epoch 18 - iter 190/957 - loss 0.18717925
2019-06-18 12:33:44,383 epoch 18 - iter 285/957 - loss 0.19327870
2019-06-18 12:33:44,383 epoch 18 - iter 285/957 - loss 0.19327870
2019-06-18 12:33:52,803 epoch 18 - iter 380/957 - loss 0.19716654
2019-06-18 12:33:52,803 epoch 18 - iter 380/957 - loss 0.19716654
2019-06-18 12:34:02,718 epoch 18 - iter 475/957 - loss 0.19189560
2019-06-18 12:34:02,718 epoch 18 - iter 475/957 - loss 0.19189560
2019-06-18 12:34:11,211 epoch 18 - iter 570/957 - loss 0.19334362
2019-06-18 12:34:11,211 epoch 18 - iter 570/957 - loss 0.19334362
2019-06-18 12:34:19,590 epoch 18 - iter 665/957 - loss 0.19174033
2019-06-18 12:34:19,590 epoch 18 - iter 665/957 - loss 0.19174033
2019-06-18 12:34:28,082 epoch 18 - iter 760/957 - loss 0.19167014
2019-06-18 12:34:28,082 epoch 18 - iter 760/957 - loss 0.19167014
2019-06-18 12:34:36,351 epoch 18 - iter 855/957 - loss 0.19056013
2019-06-18 12:34:36,351 epoch 18 - iter 855/957 - loss 0.19056013
2019-06-18 12:34:46,192 epoch 18 - iter 950/957 - loss 0.19077960
2019-06-18 12:34:46,192 epoch 18 - iter 950/957 - loss 0.19077960
2019-06-18 12:34:47,213 ----------------------------------------------------------------------------------------------------
2019-06-18 12:34:47,213 ----------------------------------------------------------------------------------------------------
2019-06-18 12:34:47,215 EPOCH 18 done: loss 0.1901 - lr 0.1000 - bad epochs 1
2019-06-18 12:34:47,215 EPOCH 18 done: loss 0.1901 - lr 0.1000 - bad epochs 1
2019-06-18 12:34:57,681 DEV : loss 0.1832437366247177 - score 0.8063
2019-06-18 12:34:57,681 DEV : loss 0.1832437366247177 - score 0.8063
2019-06-18 12:35:32,067 TEST : loss 0.15717966854572296 - score 0.8347
2019-06-18 12:35:32,067 TEST : loss 0.15717966854572296 - score 0.8347
2019-06-18 12:35:32,076 ----------------------------------------------------------------------------------------------------
2019-06-18 12:35:32,076 ----------------------------------------------------------------------------------------------------
2019-06-18 12:35:32,815 epoch 19 - iter 0/957 - loss 0.01946597
2019-06-18 12:35:32,815 epoch 19 - iter 0/957 - loss 0.01946597
2019-06-18 12:35:41,456 epoch 19 - iter 95/957 - loss 0.18915333
2019-06-18 12:35:41,456 epoch 19 - iter 95/957 - loss 0.18915333
2019-06-18 12:35:50,133 epoch 19 - iter 190/957 - loss 0.17128809
2019-06-18 12:35:50,133 epoch 19 - iter 190/957 - loss 0.17128809
2019-06-18 12:35:58,699 epoch 19 - iter 285/957 - loss 0.17600360
2019-06-18 12:35:58,699 epoch 19 - iter 285/957 - loss 0.17600360
2019-06-18 12:36:08,883 epoch 19 - iter 380/957 - loss 0.18425700
2019-06-18 12:36:08,883 epoch 19 - iter 380/957 - loss 0.18425700
2019-06-18 12:36:17,262 epoch 19 - iter 475/957 - loss 0.18501977
2019-06-18 12:36:17,262 epoch 19 - iter 475/957 - loss 0.18501977
2019-06-18 12:36:25,577 epoch 19 - iter 570/957 - loss 0.18139172
2019-06-18 12:36:25,577 epoch 19 - iter 570/957 - loss 0.18139172
2019-06-18 12:36:33,880 epoch 19 - iter 665/957 - loss 0.18426917
2019-06-18 12:36:33,880 epoch 19 - iter 665/957 - loss 0.18426917
2019-06-18 12:36:43,811 epoch 19 - iter 760/957 - loss 0.18706171
2019-06-18 12:36:43,811 epoch 19 - iter 760/957 - loss 0.18706171
2019-06-18 12:36:52,372 epoch 19 - iter 855/957 - loss 0.19075790
2019-06-18 12:36:52,372 epoch 19 - iter 855/957 - loss 0.19075790
2019-06-18 12:37:00,922 epoch 19 - iter 950/957 - loss 0.19041521
2019-06-18 12:37:00,922 epoch 19 - iter 950/957 - loss 0.19041521
2019-06-18 12:37:01,979 ----------------------------------------------------------------------------------------------------
2019-06-18 12:37:01,979 ----------------------------------------------------------------------------------------------------
2019-06-18 12:37:01,986 EPOCH 19 done: loss 0.1904 - lr 0.1000 - bad epochs 2
2019-06-18 12:37:01,986 EPOCH 19 done: loss 0.1904 - lr 0.1000 - bad epochs 2
2019-06-18 12:37:12,571 DEV : loss 0.18465536832809448 - score 0.7946
2019-06-18 12:37:12,571 DEV : loss 0.18465536832809448 - score 0.7946
2019-06-18 12:37:46,985 TEST : loss 0.15977154672145844 - score 0.8323
2019-06-18 12:37:46,985 TEST : loss 0.15977154672145844 - score 0.8323
2019-06-18 12:37:46,993 ----------------------------------------------------------------------------------------------------
2019-06-18 12:37:46,993 ----------------------------------------------------------------------------------------------------
2019-06-18 12:37:47,695 epoch 20 - iter 0/957 - loss 0.03442110
2019-06-18 12:37:47,695 epoch 20 - iter 0/957 - loss 0.03442110
2019-06-18 12:37:56,102 epoch 20 - iter 95/957 - loss 0.18852418
2019-06-18 12:37:56,102 epoch 20 - iter 95/957 - loss 0.18852418
2019-06-18 12:38:04,526 epoch 20 - iter 190/957 - loss 0.17488005
2019-06-18 12:38:04,526 epoch 20 - iter 190/957 - loss 0.17488005
2019-06-18 12:38:14,724 epoch 20 - iter 285/957 - loss 0.17076326
2019-06-18 12:38:14,724 epoch 20 - iter 285/957 - loss 0.17076326
2019-06-18 12:38:23,266 epoch 20 - iter 380/957 - loss 0.17713388
2019-06-18 12:38:23,266 epoch 20 - iter 380/957 - loss 0.17713388
2019-06-18 12:38:31,694 epoch 20 - iter 475/957 - loss 0.18108511
2019-06-18 12:38:31,694 epoch 20 - iter 475/957 - loss 0.18108511
2019-06-18 12:38:39,966 epoch 20 - iter 570/957 - loss 0.18643626
2019-06-18 12:38:39,966 epoch 20 - iter 570/957 - loss 0.18643626
2019-06-18 12:38:48,278 epoch 20 - iter 665/957 - loss 0.18877636
2019-06-18 12:38:48,278 epoch 20 - iter 665/957 - loss 0.18877636
2019-06-18 12:38:58,110 epoch 20 - iter 760/957 - loss 0.18904426
2019-06-18 12:38:58,110 epoch 20 - iter 760/957 - loss 0.18904426
2019-06-18 12:39:06,494 epoch 20 - iter 855/957 - loss 0.18816872
2019-06-18 12:39:06,494 epoch 20 - iter 855/957 - loss 0.18816872
2019-06-18 12:39:14,759 epoch 20 - iter 950/957 - loss 0.18901631
2019-06-18 12:39:14,759 epoch 20 - iter 950/957 - loss 0.18901631
2019-06-18 12:39:15,805 ----------------------------------------------------------------------------------------------------
2019-06-18 12:39:15,805 ----------------------------------------------------------------------------------------------------
2019-06-18 12:39:15,807 EPOCH 20 done: loss 0.1889 - lr 0.1000 - bad epochs 3
2019-06-18 12:39:15,807 EPOCH 20 done: loss 0.1889 - lr 0.1000 - bad epochs 3
2019-06-18 12:39:26,118 DEV : loss 0.16206856071949005 - score 0.8206
2019-06-18 12:39:26,118 DEV : loss 0.16206856071949005 - score 0.8206
2019-06-18 12:40:00,570 TEST : loss 0.14419181644916534 - score 0.831
2019-06-18 12:40:00,570 TEST : loss 0.14419181644916534 - score 0.831
2019-06-18 12:40:04,496 ----------------------------------------------------------------------------------------------------
2019-06-18 12:40:04,496 ----------------------------------------------------------------------------------------------------
2019-06-18 12:40:05,277 epoch 21 - iter 0/957 - loss 0.17059399
2019-06-18 12:40:05,277 epoch 21 - iter 0/957 - loss 0.17059399
2019-06-18 12:40:14,124 epoch 21 - iter 95/957 - loss 0.17153930
2019-06-18 12:40:14,124 epoch 21 - iter 95/957 - loss 0.17153930
2019-06-18 12:40:24,432 epoch 21 - iter 190/957 - loss 0.17758578
2019-06-18 12:40:24,432 epoch 21 - iter 190/957 - loss 0.17758578
2019-06-18 12:40:32,698 epoch 21 - iter 285/957 - loss 0.18160097
2019-06-18 12:40:32,698 epoch 21 - iter 285/957 - loss 0.18160097
2019-06-18 12:40:41,101 epoch 21 - iter 380/957 - loss 0.18778213
2019-06-18 12:40:41,101 epoch 21 - iter 380/957 - loss 0.18778213
2019-06-18 12:40:49,410 epoch 21 - iter 475/957 - loss 0.18332641
2019-06-18 12:40:49,410 epoch 21 - iter 475/957 - loss 0.18332641
2019-06-18 12:40:59,456 epoch 21 - iter 570/957 - loss 0.18804483
2019-06-18 12:40:59,456 epoch 21 - iter 570/957 - loss 0.18804483
2019-06-18 12:41:08,067 epoch 21 - iter 665/957 - loss 0.18984416
2019-06-18 12:41:08,067 epoch 21 - iter 665/957 - loss 0.18984416
2019-06-18 12:41:16,625 epoch 21 - iter 760/957 - loss 0.18793222
2019-06-18 12:41:16,625 epoch 21 - iter 760/957 - loss 0.18793222
2019-06-18 12:41:24,938 epoch 21 - iter 855/957 - loss 0.18955372
2019-06-18 12:41:24,938 epoch 21 - iter 855/957 - loss 0.18955372
2019-06-18 12:41:34,747 epoch 21 - iter 950/957 - loss 0.18913495
2019-06-18 12:41:34,747 epoch 21 - iter 950/957 - loss 0.18913495
2019-06-18 12:41:35,765 ----------------------------------------------------------------------------------------------------
2019-06-18 12:41:35,765 ----------------------------------------------------------------------------------------------------
2019-06-18 12:41:35,770 EPOCH 21 done: loss 0.1896 - lr 0.1000 - bad epochs 0
2019-06-18 12:41:35,770 EPOCH 21 done: loss 0.1896 - lr 0.1000 - bad epochs 0
2019-06-18 12:41:46,193 DEV : loss 0.16040635108947754 - score 0.8111
2019-06-18 12:41:46,193 DEV : loss 0.16040635108947754 - score 0.8111
2019-06-18 12:42:20,778 TEST : loss 0.13591159880161285 - score 0.8396
2019-06-18 12:42:20,778 TEST : loss 0.13591159880161285 - score 0.8396
2019-06-18 12:42:20,785 ----------------------------------------------------------------------------------------------------
2019-06-18 12:42:20,785 ----------------------------------------------------------------------------------------------------
2019-06-18 12:42:21,489 epoch 22 - iter 0/957 - loss 0.43792978
2019-06-18 12:42:21,489 epoch 22 - iter 0/957 - loss 0.43792978
2019-06-18 12:42:30,147 epoch 22 - iter 95/957 - loss 0.19306589
2019-06-18 12:42:30,147 epoch 22 - iter 95/957 - loss 0.19306589
2019-06-18 12:42:38,683 epoch 22 - iter 190/957 - loss 0.19275454
2019-06-18 12:42:38,683 epoch 22 - iter 190/957 - loss 0.19275454
2019-06-18 12:42:47,125 epoch 22 - iter 285/957 - loss 0.18591095
2019-06-18 12:42:47,125 epoch 22 - iter 285/957 - loss 0.18591095
2019-06-18 12:42:57,333 epoch 22 - iter 380/957 - loss 0.18598125
2019-06-18 12:42:57,333 epoch 22 - iter 380/957 - loss 0.18598125
2019-06-18 12:43:05,759 epoch 22 - iter 475/957 - loss 0.19279132
2019-06-18 12:43:05,759 epoch 22 - iter 475/957 - loss 0.19279132
2019-06-18 12:43:14,072 epoch 22 - iter 570/957 - loss 0.19021463
2019-06-18 12:43:14,072 epoch 22 - iter 570/957 - loss 0.19021463
2019-06-18 12:43:22,512 epoch 22 - iter 665/957 - loss 0.18772578
2019-06-18 12:43:22,512 epoch 22 - iter 665/957 - loss 0.18772578
2019-06-18 12:43:30,869 epoch 22 - iter 760/957 - loss 0.18908336
2019-06-18 12:43:30,869 epoch 22 - iter 760/957 - loss 0.18908336
2019-06-18 12:43:40,869 epoch 22 - iter 855/957 - loss 0.18893386
2019-06-18 12:43:40,869 epoch 22 - iter 855/957 - loss 0.18893386
2019-06-18 12:43:49,315 epoch 22 - iter 950/957 - loss 0.18567529
2019-06-18 12:43:49,315 epoch 22 - iter 950/957 - loss 0.18567529
2019-06-18 12:43:50,344 ----------------------------------------------------------------------------------------------------
2019-06-18 12:43:50,344 ----------------------------------------------------------------------------------------------------
2019-06-18 12:43:50,351 EPOCH 22 done: loss 0.1855 - lr 0.1000 - bad epochs 1
2019-06-18 12:43:50,351 EPOCH 22 done: loss 0.1855 - lr 0.1000 - bad epochs 1
2019-06-18 12:44:00,663 DEV : loss 0.16303186118602753 - score 0.8161
2019-06-18 12:44:00,663 DEV : loss 0.16303186118602753 - score 0.8161
2019-06-18 12:44:35,064 TEST : loss 0.14549309015274048 - score 0.8388
2019-06-18 12:44:35,064 TEST : loss 0.14549309015274048 - score 0.8388
2019-06-18 12:44:35,072 ----------------------------------------------------------------------------------------------------
2019-06-18 12:44:35,072 ----------------------------------------------------------------------------------------------------
2019-06-18 12:44:35,787 epoch 23 - iter 0/957 - loss 0.36023170
2019-06-18 12:44:35,787 epoch 23 - iter 0/957 - loss 0.36023170
2019-06-18 12:44:44,230 epoch 23 - iter 95/957 - loss 0.21196855
2019-06-18 12:44:44,230 epoch 23 - iter 95/957 - loss 0.21196855
2019-06-18 12:44:52,738 epoch 23 - iter 190/957 - loss 0.21620201
2019-06-18 12:44:52,738 epoch 23 - iter 190/957 - loss 0.21620201
2019-06-18 12:45:03,013 epoch 23 - iter 285/957 - loss 0.20495723
2019-06-18 12:45:03,013 epoch 23 - iter 285/957 - loss 0.20495723
2019-06-18 12:45:11,493 epoch 23 - iter 380/957 - loss 0.19246641
2019-06-18 12:45:11,493 epoch 23 - iter 380/957 - loss 0.19246641
2019-06-18 12:45:19,913 epoch 23 - iter 475/957 - loss 0.19437273
2019-06-18 12:45:19,913 epoch 23 - iter 475/957 - loss 0.19437273
2019-06-18 12:45:28,290 epoch 23 - iter 570/957 - loss 0.18922076
2019-06-18 12:45:28,290 epoch 23 - iter 570/957 - loss 0.18922076
2019-06-18 12:45:38,184 epoch 23 - iter 665/957 - loss 0.18756060
2019-06-18 12:45:38,184 epoch 23 - iter 665/957 - loss 0.18756060
2019-06-18 12:45:46,722 epoch 23 - iter 760/957 - loss 0.18836924
2019-06-18 12:45:46,722 epoch 23 - iter 760/957 - loss 0.18836924
2019-06-18 12:45:55,087 epoch 23 - iter 855/957 - loss 0.18961062
2019-06-18 12:45:55,087 epoch 23 - iter 855/957 - loss 0.18961062
2019-06-18 12:46:03,451 epoch 23 - iter 950/957 - loss 0.18698763
2019-06-18 12:46:03,451 epoch 23 - iter 950/957 - loss 0.18698763
2019-06-18 12:46:04,532 ----------------------------------------------------------------------------------------------------
2019-06-18 12:46:04,532 ----------------------------------------------------------------------------------------------------
2019-06-18 12:46:04,534 EPOCH 23 done: loss 0.1867 - lr 0.1000 - bad epochs 2
2019-06-18 12:46:04,534 EPOCH 23 done: loss 0.1867 - lr 0.1000 - bad epochs 2
2019-06-18 12:46:14,962 DEV : loss 0.17991910874843597 - score 0.8014
2019-06-18 12:46:14,962 DEV : loss 0.17991910874843597 - score 0.8014
2019-06-18 12:46:49,765 TEST : loss 0.1495664268732071 - score 0.8338
2019-06-18 12:46:49,765 TEST : loss 0.1495664268732071 - score 0.8338
2019-06-18 12:46:49,773 ----------------------------------------------------------------------------------------------------
2019-06-18 12:46:49,773 ----------------------------------------------------------------------------------------------------
2019-06-18 12:46:50,476 epoch 24 - iter 0/957 - loss 0.06724623
2019-06-18 12:46:50,476 epoch 24 - iter 0/957 - loss 0.06724623
2019-06-18 12:47:00,897 epoch 24 - iter 95/957 - loss 0.16869139
2019-06-18 12:47:00,897 epoch 24 - iter 95/957 - loss 0.16869139
2019-06-18 12:47:09,373 epoch 24 - iter 190/957 - loss 0.17898447
2019-06-18 12:47:09,373 epoch 24 - iter 190/957 - loss 0.17898447
2019-06-18 12:47:17,996 epoch 24 - iter 285/957 - loss 0.17462341
2019-06-18 12:47:17,996 epoch 24 - iter 285/957 - loss 0.17462341
2019-06-18 12:47:26,378 epoch 24 - iter 380/957 - loss 0.17913092
2019-06-18 12:47:26,378 epoch 24 - iter 380/957 - loss 0.17913092
2019-06-18 12:47:34,706 epoch 24 - iter 475/957 - loss 0.18209668
2019-06-18 12:47:34,706 epoch 24 - iter 475/957 - loss 0.18209668
2019-06-18 12:47:44,708 epoch 24 - iter 570/957 - loss 0.18189051
2019-06-18 12:47:44,708 epoch 24 - iter 570/957 - loss 0.18189051
2019-06-18 12:47:53,201 epoch 24 - iter 665/957 - loss 0.18085439
2019-06-18 12:47:53,201 epoch 24 - iter 665/957 - loss 0.18085439
2019-06-18 12:48:01,608 epoch 24 - iter 760/957 - loss 0.18055847
2019-06-18 12:48:01,608 epoch 24 - iter 760/957 - loss 0.18055847
2019-06-18 12:48:10,053 epoch 24 - iter 855/957 - loss 0.18224323
2019-06-18 12:48:10,053 epoch 24 - iter 855/957 - loss 0.18224323
2019-06-18 12:48:19,957 epoch 24 - iter 950/957 - loss 0.18279558
2019-06-18 12:48:19,957 epoch 24 - iter 950/957 - loss 0.18279558
2019-06-18 12:48:20,986 ----------------------------------------------------------------------------------------------------
2019-06-18 12:48:20,986 ----------------------------------------------------------------------------------------------------
2019-06-18 12:48:20,989 EPOCH 24 done: loss 0.1829 - lr 0.1000 - bad epochs 3
2019-06-18 12:48:20,989 EPOCH 24 done: loss 0.1829 - lr 0.1000 - bad epochs 3
2019-06-18 12:48:31,406 DEV : loss 0.16107086837291718 - score 0.8197
2019-06-18 12:48:31,406 DEV : loss 0.16107086837291718 - score 0.8197
2019-06-18 12:49:06,293 TEST : loss 0.14807769656181335 - score 0.8231
2019-06-18 12:49:06,293 TEST : loss 0.14807769656181335 - score 0.8231
2019-06-18 12:49:06,302 ----------------------------------------------------------------------------------------------------
2019-06-18 12:49:06,302 ----------------------------------------------------------------------------------------------------
2019-06-18 12:49:07,030 epoch 25 - iter 0/957 - loss 0.34601873
2019-06-18 12:49:07,030 epoch 25 - iter 0/957 - loss 0.34601873
2019-06-18 12:49:15,867 epoch 25 - iter 95/957 - loss 0.15603169
2019-06-18 12:49:15,867 epoch 25 - iter 95/957 - loss 0.15603169
2019-06-18 12:49:24,432 epoch 25 - iter 190/957 - loss 0.15863544
2019-06-18 12:49:24,432 epoch 25 - iter 190/957 - loss 0.15863544
2019-06-18 12:49:32,828 epoch 25 - iter 285/957 - loss 0.16285683
2019-06-18 12:49:32,828 epoch 25 - iter 285/957 - loss 0.16285683
2019-06-18 12:49:43,074 epoch 25 - iter 380/957 - loss 0.16820580
2019-06-18 12:49:43,074 epoch 25 - iter 380/957 - loss 0.16820580
2019-06-18 12:49:51,554 epoch 25 - iter 475/957 - loss 0.16695759
2019-06-18 12:49:51,554 epoch 25 - iter 475/957 - loss 0.16695759
2019-06-18 12:49:59,909 epoch 25 - iter 570/957 - loss 0.17110618
2019-06-18 12:49:59,909 epoch 25 - iter 570/957 - loss 0.17110618
2019-06-18 12:50:08,395 epoch 25 - iter 665/957 - loss 0.16947792
2019-06-18 12:50:08,395 epoch 25 - iter 665/957 - loss 0.16947792
2019-06-18 12:50:18,316 epoch 25 - iter 760/957 - loss 0.16908146
2019-06-18 12:50:18,316 epoch 25 - iter 760/957 - loss 0.16908146
2019-06-18 12:50:26,942 epoch 25 - iter 855/957 - loss 0.16896654
2019-06-18 12:50:26,942 epoch 25 - iter 855/957 - loss 0.16896654
2019-06-18 12:50:35,586 epoch 25 - iter 950/957 - loss 0.17004325
2019-06-18 12:50:35,586 epoch 25 - iter 950/957 - loss 0.17004325
2019-06-18 12:50:36,659 ----------------------------------------------------------------------------------------------------
2019-06-18 12:50:36,659 ----------------------------------------------------------------------------------------------------
2019-06-18 12:50:36,661 EPOCH 25 done: loss 0.1706 - lr 0.0500 - bad epochs 0
2019-06-18 12:50:36,661 EPOCH 25 done: loss 0.1706 - lr 0.0500 - bad epochs 0
2019-06-18 12:50:47,218 DEV : loss 0.15878644585609436 - score 0.8119
2019-06-18 12:50:47,218 DEV : loss 0.15878644585609436 - score 0.8119
2019-06-18 12:51:22,317 TEST : loss 0.13309350609779358 - score 0.8361
2019-06-18 12:51:22,317 TEST : loss 0.13309350609779358 - score 0.8361
2019-06-18 12:51:22,326 ----------------------------------------------------------------------------------------------------
2019-06-18 12:51:22,326 ----------------------------------------------------------------------------------------------------
2019-06-18 12:51:23,029 epoch 26 - iter 0/957 - loss 0.24438588
2019-06-18 12:51:23,029 epoch 26 - iter 0/957 - loss 0.24438588
2019-06-18 12:51:31,604 epoch 26 - iter 95/957 - loss 0.17475746
2019-06-18 12:51:31,604 epoch 26 - iter 95/957 - loss 0.17475746
2019-06-18 12:51:40,182 epoch 26 - iter 190/957 - loss 0.16583019
2019-06-18 12:51:40,182 epoch 26 - iter 190/957 - loss 0.16583019
2019-06-18 12:51:50,537 epoch 26 - iter 285/957 - loss 0.16975193
2019-06-18 12:51:50,537 epoch 26 - iter 285/957 - loss 0.16975193
2019-06-18 12:51:59,095 epoch 26 - iter 380/957 - loss 0.16773011
2019-06-18 12:51:59,095 epoch 26 - iter 380/957 - loss 0.16773011
2019-06-18 12:52:07,772 epoch 26 - iter 475/957 - loss 0.16645514
2019-06-18 12:52:07,772 epoch 26 - iter 475/957 - loss 0.16645514
2019-06-18 12:52:16,252 epoch 26 - iter 570/957 - loss 0.16407485
2019-06-18 12:52:16,252 epoch 26 - iter 570/957 - loss 0.16407485
2019-06-18 12:52:26,522 epoch 26 - iter 665/957 - loss 0.16917923
2019-06-18 12:52:26,522 epoch 26 - iter 665/957 - loss 0.16917923
2019-06-18 12:52:35,070 epoch 26 - iter 760/957 - loss 0.16608176
2019-06-18 12:52:35,070 epoch 26 - iter 760/957 - loss 0.16608176
2019-06-18 12:52:43,407 epoch 26 - iter 855/957 - loss 0.16519766
2019-06-18 12:52:43,407 epoch 26 - iter 855/957 - loss 0.16519766
2019-06-18 12:52:51,832 epoch 26 - iter 950/957 - loss 0.16519915
2019-06-18 12:52:51,832 epoch 26 - iter 950/957 - loss 0.16519915
2019-06-18 12:52:52,883 ----------------------------------------------------------------------------------------------------
2019-06-18 12:52:52,883 ----------------------------------------------------------------------------------------------------
2019-06-18 12:52:52,890 EPOCH 26 done: loss 0.1658 - lr 0.0500 - bad epochs 1
2019-06-18 12:52:52,890 EPOCH 26 done: loss 0.1658 - lr 0.0500 - bad epochs 1
2019-06-18 12:53:05,177 DEV : loss 0.15098217129707336 - score 0.817
2019-06-18 12:53:05,177 DEV : loss 0.15098217129707336 - score 0.817
2019-06-18 12:53:38,561 TEST : loss 0.1346755474805832 - score 0.8383
2019-06-18 12:53:38,561 TEST : loss 0.1346755474805832 - score 0.8383
2019-06-18 12:53:38,569 ----------------------------------------------------------------------------------------------------
2019-06-18 12:53:38,569 ----------------------------------------------------------------------------------------------------
2019-06-18 12:53:39,253 epoch 27 - iter 0/957 - loss 0.09833264
2019-06-18 12:53:39,253 epoch 27 - iter 0/957 - loss 0.09833264
2019-06-18 12:53:49,641 epoch 27 - iter 95/957 - loss 0.18786781
2019-06-18 12:53:49,641 epoch 27 - iter 95/957 - loss 0.18786781
2019-06-18 12:53:58,066 epoch 27 - iter 190/957 - loss 0.17310288
2019-06-18 12:53:58,066 epoch 27 - iter 190/957 - loss 0.17310288
2019-06-18 12:54:06,527 epoch 27 - iter 285/957 - loss 0.16393500
2019-06-18 12:54:06,527 epoch 27 - iter 285/957 - loss 0.16393500
2019-06-18 12:54:14,960 epoch 27 - iter 380/957 - loss 0.16446935
2019-06-18 12:54:14,960 epoch 27 - iter 380/957 - loss 0.16446935
2019-06-18 12:54:24,938 epoch 27 - iter 475/957 - loss 0.16114459
2019-06-18 12:54:24,938 epoch 27 - iter 475/957 - loss 0.16114459
2019-06-18 12:54:33,542 epoch 27 - iter 570/957 - loss 0.15955812
2019-06-18 12:54:33,542 epoch 27 - iter 570/957 - loss 0.15955812
2019-06-18 12:54:41,996 epoch 27 - iter 665/957 - loss 0.16210335
2019-06-18 12:54:41,996 epoch 27 - iter 665/957 - loss 0.16210335
2019-06-18 12:54:50,283 epoch 27 - iter 760/957 - loss 0.16224268
2019-06-18 12:54:50,283 epoch 27 - iter 760/957 - loss 0.16224268
2019-06-18 12:54:58,576 epoch 27 - iter 855/957 - loss 0.16215373
2019-06-18 12:54:58,576 epoch 27 - iter 855/957 - loss 0.16215373
2019-06-18 12:55:08,590 epoch 27 - iter 950/957 - loss 0.16019146
2019-06-18 12:55:08,590 epoch 27 - iter 950/957 - loss 0.16019146
2019-06-18 12:55:09,638 ----------------------------------------------------------------------------------------------------
2019-06-18 12:55:09,638 ----------------------------------------------------------------------------------------------------
2019-06-18 12:55:09,641 EPOCH 27 done: loss 0.1599 - lr 0.0500 - bad epochs 2
2019-06-18 12:55:09,641 EPOCH 27 done: loss 0.1599 - lr 0.0500 - bad epochs 2
2019-06-18 12:55:20,112 DEV : loss 0.15741336345672607 - score 0.8158
2019-06-18 12:55:20,112 DEV : loss 0.15741336345672607 - score 0.8158
2019-06-18 12:55:54,814 TEST : loss 0.14085116982460022 - score 0.8412
2019-06-18 12:55:54,814 TEST : loss 0.14085116982460022 - score 0.8412
2019-06-18 12:55:54,823 ----------------------------------------------------------------------------------------------------
2019-06-18 12:55:54,823 ----------------------------------------------------------------------------------------------------
2019-06-18 12:55:55,564 epoch 28 - iter 0/957 - loss 0.10174617
2019-06-18 12:55:55,564 epoch 28 - iter 0/957 - loss 0.10174617
2019-06-18 12:56:04,250 epoch 28 - iter 95/957 - loss 0.17470432
2019-06-18 12:56:04,250 epoch 28 - iter 95/957 - loss 0.17470432
2019-06-18 12:56:12,843 epoch 28 - iter 190/957 - loss 0.16187098
2019-06-18 12:56:12,843 epoch 28 - iter 190/957 - loss 0.16187098
2019-06-18 12:56:21,412 epoch 28 - iter 285/957 - loss 0.16092539
2019-06-18 12:56:21,412 epoch 28 - iter 285/957 - loss 0.16092539
2019-06-18 12:56:29,870 epoch 28 - iter 380/957 - loss 0.15554176
2019-06-18 12:56:29,870 epoch 28 - iter 380/957 - loss 0.15554176
2019-06-18 12:56:40,172 epoch 28 - iter 475/957 - loss 0.15581163
2019-06-18 12:56:40,172 epoch 28 - iter 475/957 - loss 0.15581163
2019-06-18 12:56:48,651 epoch 28 - iter 570/957 - loss 0.15842557
2019-06-18 12:56:48,651 epoch 28 - iter 570/957 - loss 0.15842557
2019-06-18 12:56:56,955 epoch 28 - iter 665/957 - loss 0.16048470
2019-06-18 12:56:56,955 epoch 28 - iter 665/957 - loss 0.16048470
2019-06-18 12:57:05,476 epoch 28 - iter 760/957 - loss 0.16044759
2019-06-18 12:57:05,476 epoch 28 - iter 760/957 - loss 0.16044759
2019-06-18 12:57:14,035 epoch 28 - iter 855/957 - loss 0.15973544
2019-06-18 12:57:14,035 epoch 28 - iter 855/957 - loss 0.15973544
2019-06-18 12:57:24,020 epoch 28 - iter 950/957 - loss 0.15931214
2019-06-18 12:57:24,020 epoch 28 - iter 950/957 - loss 0.15931214
2019-06-18 12:57:25,058 ----------------------------------------------------------------------------------------------------
2019-06-18 12:57:25,058 ----------------------------------------------------------------------------------------------------
2019-06-18 12:57:25,063 EPOCH 28 done: loss 0.1592 - lr 0.0500 - bad epochs 3
2019-06-18 12:57:25,063 EPOCH 28 done: loss 0.1592 - lr 0.0500 - bad epochs 3
2019-06-18 12:57:35,690 DEV : loss 0.15561680495738983 - score 0.8173
2019-06-18 12:57:35,690 DEV : loss 0.15561680495738983 - score 0.8173
2019-06-18 12:58:10,546 TEST : loss 0.13654257357120514 - score 0.8415
2019-06-18 12:58:10,546 TEST : loss 0.13654257357120514 - score 0.8415
2019-06-18 12:58:10,555 ----------------------------------------------------------------------------------------------------
2019-06-18 12:58:10,555 ----------------------------------------------------------------------------------------------------
2019-06-18 12:58:11,234 epoch 29 - iter 0/957 - loss 0.03325136
2019-06-18 12:58:11,234 epoch 29 - iter 0/957 - loss 0.03325136
2019-06-18 12:58:19,949 epoch 29 - iter 95/957 - loss 0.17399325
2019-06-18 12:58:19,949 epoch 29 - iter 95/957 - loss 0.17399325
2019-06-18 12:58:28,446 epoch 29 - iter 190/957 - loss 0.16252448
2019-06-18 12:58:28,446 epoch 29 - iter 190/957 - loss 0.16252448
2019-06-18 12:58:36,989 epoch 29 - iter 285/957 - loss 0.15237795
2019-06-18 12:58:36,989 epoch 29 - iter 285/957 - loss 0.15237795
2019-06-18 12:58:47,241 epoch 29 - iter 380/957 - loss 0.15333232
2019-06-18 12:58:47,241 epoch 29 - iter 380/957 - loss 0.15333232
2019-06-18 12:58:55,584 epoch 29 - iter 475/957 - loss 0.15473207
2019-06-18 12:58:55,584 epoch 29 - iter 475/957 - loss 0.15473207
2019-06-18 12:59:04,009 epoch 29 - iter 570/957 - loss 0.15471051
2019-06-18 12:59:04,009 epoch 29 - iter 570/957 - loss 0.15471051
2019-06-18 12:59:12,512 epoch 29 - iter 665/957 - loss 0.15686301
2019-06-18 12:59:12,512 epoch 29 - iter 665/957 - loss 0.15686301
2019-06-18 12:59:20,949 epoch 29 - iter 760/957 - loss 0.15810609
2019-06-18 12:59:20,949 epoch 29 - iter 760/957 - loss 0.15810609
2019-06-18 12:59:30,900 epoch 29 - iter 855/957 - loss 0.15605642
2019-06-18 12:59:30,900 epoch 29 - iter 855/957 - loss 0.15605642
2019-06-18 12:59:39,354 epoch 29 - iter 950/957 - loss 0.15581965
2019-06-18 12:59:39,354 epoch 29 - iter 950/957 - loss 0.15581965
2019-06-18 12:59:40,387 ----------------------------------------------------------------------------------------------------
2019-06-18 12:59:40,387 ----------------------------------------------------------------------------------------------------
2019-06-18 12:59:40,389 EPOCH 29 done: loss 0.1566 - lr 0.0250 - bad epochs 0
2019-06-18 12:59:40,389 EPOCH 29 done: loss 0.1566 - lr 0.0250 - bad epochs 0
2019-06-18 12:59:50,753 DEV : loss 0.1510310024023056 - score 0.8232
2019-06-18 12:59:50,753 DEV : loss 0.1510310024023056 - score 0.8232
2019-06-18 13:00:25,674 TEST : loss 0.13587526977062225 - score 0.8391
2019-06-18 13:00:25,674 TEST : loss 0.13587526977062225 - score 0.8391
2019-06-18 13:00:29,591 ----------------------------------------------------------------------------------------------------
2019-06-18 13:00:29,591 ----------------------------------------------------------------------------------------------------
2019-06-18 13:00:30,373 epoch 30 - iter 0/957 - loss 0.00785001
2019-06-18 13:00:30,373 epoch 30 - iter 0/957 - loss 0.00785001
2019-06-18 13:00:39,363 epoch 30 - iter 95/957 - loss 0.17777797
2019-06-18 13:00:39,363 epoch 30 - iter 95/957 - loss 0.17777797
2019-06-18 13:00:47,762 epoch 30 - iter 190/957 - loss 0.16359680
2019-06-18 13:00:47,762 epoch 30 - iter 190/957 - loss 0.16359680
2019-06-18 13:00:58,032 epoch 30 - iter 285/957 - loss 0.15875828
2019-06-18 13:00:58,032 epoch 30 - iter 285/957 - loss 0.15875828
2019-06-18 13:01:06,465 epoch 30 - iter 380/957 - loss 0.16108942
2019-06-18 13:01:06,465 epoch 30 - iter 380/957 - loss 0.16108942
2019-06-18 13:01:15,023 epoch 30 - iter 475/957 - loss 0.16257659
2019-06-18 13:01:15,023 epoch 30 - iter 475/957 - loss 0.16257659
2019-06-18 13:01:23,818 epoch 30 - iter 570/957 - loss 0.15811186
2019-06-18 13:01:23,818 epoch 30 - iter 570/957 - loss 0.15811186
2019-06-18 13:01:32,385 epoch 30 - iter 665/957 - loss 0.15952849
2019-06-18 13:01:32,385 epoch 30 - iter 665/957 - loss 0.15952849
2019-06-18 13:01:42,491 epoch 30 - iter 760/957 - loss 0.15600393
2019-06-18 13:01:42,491 epoch 30 - iter 760/957 - loss 0.15600393
2019-06-18 13:01:50,813 epoch 30 - iter 855/957 - loss 0.15538096
2019-06-18 13:01:50,813 epoch 30 - iter 855/957 - loss 0.15538096
2019-06-18 13:01:58,981 epoch 30 - iter 950/957 - loss 0.15333911
2019-06-18 13:01:58,981 epoch 30 - iter 950/957 - loss 0.15333911
2019-06-18 13:02:00,012 ----------------------------------------------------------------------------------------------------
2019-06-18 13:02:00,012 ----------------------------------------------------------------------------------------------------
2019-06-18 13:02:00,015 EPOCH 30 done: loss 0.1534 - lr 0.0250 - bad epochs 0
2019-06-18 13:02:00,015 EPOCH 30 done: loss 0.1534 - lr 0.0250 - bad epochs 0
2019-06-18 13:02:10,376 DEV : loss 0.15196233987808228 - score 0.8164
2019-06-18 13:02:10,376 DEV : loss 0.15196233987808228 - score 0.8164
2019-06-18 13:02:45,284 TEST : loss 0.13367564976215363 - score 0.8403
2019-06-18 13:02:45,284 TEST : loss 0.13367564976215363 - score 0.8403
2019-06-18 13:02:49,441 ----------------------------------------------------------------------------------------------------
2019-06-18 13:02:49,441 ----------------------------------------------------------------------------------------------------
2019-06-18 13:02:49,457 Testing using best model ...
2019-06-18 13:02:49,457 Testing using best model ...
2019-06-18 13:02:49,466 loading file resources/taggers/resume-ner-word_BL2_1_0/best-model.pt
2019-06-18 13:02:49,466 loading file resources/taggers/resume-ner-word_BL2_1_0/best-model.pt
2019-06-18 13:03:26,753 0.839	0.8393	0.8391
2019-06-18 13:03:26,753 0.839	0.8393	0.8391
2019-06-18 13:03:26,755 
MICRO_AVG: acc 0.7228 - f1-score 0.8391
MACRO_AVG: acc 0.6466 - f1-score 0.75951
"B-Companies tp: 393 - fp: 77 - fn: 46 - tn: 393 - precision: 0.8362 - recall: 0.8952 - accuracy: 0.7616 - f1-score: 0.8647
"I-Companies tp: 571 - fp: 136 - fn: 154 - tn: 571 - precision: 0.8076 - recall: 0.7876 - accuracy: 0.6632 - f1-score: 0.7975
"L-Companies tp: 391 - fp: 78 - fn: 47 - tn: 391 - precision: 0.8337 - recall: 0.8927 - accuracy: 0.7578 - f1-score: 0.8622
"U-Companies tp: 25 - fp: 15 - fn: 15 - tn: 25 - precision: 0.6250 - recall: 0.6250 - accuracy: 0.4545 - f1-score: 0.6250
Degree     tp: 125 - fp: 16 - fn: 11 - tn: 125 - precision: 0.8865 - recall: 0.9191 - accuracy: 0.8224 - f1-score: 0.9025
Designation tp: 455 - fp: 81 - fn: 98 - tn: 455 - precision: 0.8489 - recall: 0.8228 - accuracy: 0.7177 - f1-score: 0.8356
L-Degree   tp: 125 - fp: 15 - fn: 11 - tn: 125 - precision: 0.8929 - recall: 0.9191 - accuracy: 0.8278 - f1-score: 0.9058
L-Designation tp: 461 - fp: 75 - fn: 78 - tn: 461 - precision: 0.8601 - recall: 0.8553 - accuracy: 0.7508 - f1-score: 0.8577
U-Degree   tp: 26 - fp: 1 - fn: 16 - tn: 26 - precision: 0.9630 - recall: 0.6190 - accuracy: 0.6047 - f1-score: 0.7536
U-Designation tp: 2 - fp: 0 - fn: 17 - tn: 2 - precision: 1.0000 - recall: 0.1053 - accuracy: 0.1053 - f1-score: 0.1905
2019-06-18 13:03:26,755 
MICRO_AVG: acc 0.7228 - f1-score 0.8391
MACRO_AVG: acc 0.6466 - f1-score 0.75951
"B-Companies tp: 393 - fp: 77 - fn: 46 - tn: 393 - precision: 0.8362 - recall: 0.8952 - accuracy: 0.7616 - f1-score: 0.8647
"I-Companies tp: 571 - fp: 136 - fn: 154 - tn: 571 - precision: 0.8076 - recall: 0.7876 - accuracy: 0.6632 - f1-score: 0.7975
"L-Companies tp: 391 - fp: 78 - fn: 47 - tn: 391 - precision: 0.8337 - recall: 0.8927 - accuracy: 0.7578 - f1-score: 0.8622
"U-Companies tp: 25 - fp: 15 - fn: 15 - tn: 25 - precision: 0.6250 - recall: 0.6250 - accuracy: 0.4545 - f1-score: 0.6250
Degree     tp: 125 - fp: 16 - fn: 11 - tn: 125 - precision: 0.8865 - recall: 0.9191 - accuracy: 0.8224 - f1-score: 0.9025
Designation tp: 455 - fp: 81 - fn: 98 - tn: 455 - precision: 0.8489 - recall: 0.8228 - accuracy: 0.7177 - f1-score: 0.8356
L-Degree   tp: 125 - fp: 15 - fn: 11 - tn: 125 - precision: 0.8929 - recall: 0.9191 - accuracy: 0.8278 - f1-score: 0.9058
L-Designation tp: 461 - fp: 75 - fn: 78 - tn: 461 - precision: 0.8601 - recall: 0.8553 - accuracy: 0.7508 - f1-score: 0.8577
U-Degree   tp: 26 - fp: 1 - fn: 16 - tn: 26 - precision: 0.9630 - recall: 0.6190 - accuracy: 0.6047 - f1-score: 0.7536
U-Designation tp: 2 - fp: 0 - fn: 17 - tn: 2 - precision: 1.0000 - recall: 0.1053 - accuracy: 0.1053 - f1-score: 0.1905
2019-06-18 13:03:26,757 ----------------------------------------------------------------------------------------------------
2019-06-18 13:03:26,757 ----------------------------------------------------------------------------------------------------
2019-06-18 13:23:59,447 loading file resources/taggers/resume-ner-4/best-model.pt
2019-06-18 13:23:59,447 loading file resources/taggers/resume-ner-4/best-model.pt
2019-06-18 13:24:00,575 ----------------------------------------------------------------------------------------------------
2019-06-18 13:24:00,575 ----------------------------------------------------------------------------------------------------
2019-06-18 13:24:00,582 Evaluation method: MICRO_F1_SCORE
2019-06-18 13:24:00,582 Evaluation method: MICRO_F1_SCORE
2019-06-18 13:24:33,949 loading file resources/taggers/resume-ner-4/best-model.pt
2019-06-18 13:24:33,949 loading file resources/taggers/resume-ner-4/best-model.pt
2019-06-18 13:24:36,576 ----------------------------------------------------------------------------------------------------
2019-06-18 13:24:36,576 ----------------------------------------------------------------------------------------------------
2019-06-18 13:24:36,582 Evaluation method: MICRO_F1_SCORE
2019-06-18 13:24:36,582 Evaluation method: MICRO_F1_SCORE
2019-06-18 13:24:48,272 loading file resources/taggers/resume-ner-4/best-model.pt
2019-06-18 13:24:48,272 loading file resources/taggers/resume-ner-4/best-model.pt
2019-06-18 13:24:49,455 ----------------------------------------------------------------------------------------------------
2019-06-18 13:24:49,455 ----------------------------------------------------------------------------------------------------
2019-06-18 13:24:49,458 Evaluation method: MICRO_F1_SCORE
2019-06-18 13:24:49,458 Evaluation method: MICRO_F1_SCORE
2019-06-18 13:25:50,358 Reading data from /content/gdrive/My Drive/SAKI_2019/flair
2019-06-18 13:25:50,358 Reading data from /content/gdrive/My Drive/SAKI_2019/flair
2019-06-18 13:25:50,363 Train: /content/gdrive/My Drive/SAKI_2019/flair/training_bilou_2.txt
2019-06-18 13:25:50,363 Train: /content/gdrive/My Drive/SAKI_2019/flair/training_bilou_2.txt
2019-06-18 13:25:50,367 Dev: None
2019-06-18 13:25:50,367 Dev: None
2019-06-18 13:25:50,370 Test: /content/gdrive/My Drive/SAKI_2019/flair/test_bilou_2.txt
2019-06-18 13:25:50,370 Test: /content/gdrive/My Drive/SAKI_2019/flair/test_bilou_2.txt
2019-06-18 13:26:08,417 loading file resources/taggers/resume-ner-4/best-model.pt
2019-06-18 13:26:08,417 loading file resources/taggers/resume-ner-4/best-model.pt
2019-06-18 13:26:09,357 ----------------------------------------------------------------------------------------------------
2019-06-18 13:26:09,357 ----------------------------------------------------------------------------------------------------
2019-06-18 13:26:09,364 Evaluation method: MICRO_F1_SCORE
2019-06-18 13:26:09,364 Evaluation method: MICRO_F1_SCORE
